C:\USERS\17451\DOCUMENTS\VISUAL STUDIO 2012\PROJECTS\20210312\2.符号常量\DEBUG\MAIN.OBJ
C:\USERS\17451\DOCUMENTS\VISUAL STUDIO 2012\PROJECTS\20210312\2.符号常量\DEBUG\VC110.PDB
C:\USERS\17451\DOCUMENTS\VISUAL STUDIO 2012\PROJECTS\20210312\DEBUG\2.符号常量.ILK
C:\USERS\17451\DOCUMENTS\VISUAL STUDIO 2012\PROJECTS\20210312\DEBUG\2.符号常量.EXE
C:\USERS\17451\DOCUMENTS\VISUAL STUDIO 2012\PROJECTS\20210312\DEBUG\2.符号常量.PDB
C:\Users\17451\Documents\Visual Studio 2012\Projects\20210312\2.符号常量\Debug\main.obj
C:\Users\17451\Documents\Visual Studio 2012\Projects\20210312\2.符号常量\Debug\cl.command.1.tlog
C:\Users\17451\Documents\Visual Studio 2012\Projects\20210312\2.符号常量\Debug\CL.read.1.tlog
C:\Users\17451\Documents\Visual Studio 2012\Projects\20210312\2.符号常量\Debug\CL.write.1.tlog
C:\Users\17451\Documents\Visual Studio 2012\Projects\20210312\2.符号常量\Debug\link-cvtres.read.1.tlog
C:\Users\17451\Documents\Visual Studio 2012\Projects\20210312\2.符号常量\Debug\link-cvtres.write.1.tlog
C:\Users\17451\Documents\Visual Studio 2012\Projects\20210312\2.符号常量\Debug\link-rc.read.1.tlog
C:\Users\17451\Documents\Visual Studio 2012\Projects\20210312\2.符号常量\Debug\link-rc.write.1.tlog
C:\Users\17451\Documents\Visual Studio 2012\Projects\20210312\2.符号常量\Debug\link.command.1.tlog
C:\Users\17451\Documents\Visual Studio 2012\Projects\20210312\2.符号常量\Debug\link.read.1.tlog
C:\Users\17451\Documents\Visual Studio 2012\Projects\20210312\2.符号常量\Debug\link.write.1.tlog
C:\Users\17451\Documents\Visual Studio 2012\Projects\20210312\2.符号常量\Debug\vc110.idb
C:\Users\17451\Documents\Visual Studio 2012\Projects\20210312\2.符号常量\Debug\vc110.pdb
C:\Users\17451\Documents\Visual Studio 2012\Projects\20210312\Debug\2.符号常量.pdb
C:\Users\17451\Documents\Visual Studio 2012\Projects\20210312\Debug\2.符号常量.exe
C:\Users\17451\Documents\Visual Studio 2012\Projects\20210312\Debug\2.符号常量.ilk
